# JRE version: Java(TM) SE Runtime Environment (8.0_161-b12) (build 1.8.0_161-b12)
# Java VM: Java HotSpot(TM) Client VM (25.161-b12 mixed mode, sharing windows-x86 )
Heap:
 def new generation   total 9600K, used 4678K [0x03e00000, 0x04860000, 0x09350000)
  eden space 8576K,  50% used [0x03e00000, 0x042341a8, 0x04660000)
  from space 1024K,  36% used [0x04760000, 0x047bd7c0, 0x04860000)
  to   space 1024K,   0% used [0x04660000, 0x04660000, 0x04760000)
 tenured generation   total 21168K, used 16616K [0x09350000, 0x0a7fc000, 0x13e00000)
   the space 21168K,  78% used [0x09350000, 0x0a38a150, 0x0a38a200, 0x0a7fc000)
 Metaspace       used 17205K, capacity 17729K, committed 17920K, reserved 22912K
GC Heap History (10 events):
Event: 121.915 GC heap before
{Heap before GC invocations=73 (full 7):
 def new generation   total 9600K, used 9249K [0x03e00000, 0x04860000, 0x09350000)
  eden space 8576K, 100% used [0x03e00000, 0x04660000, 0x04660000)
  from space 1024K,  65% used [0x04660000, 0x04708630, 0x04760000)
  to   space 1024K,   0% used [0x04760000, 0x04760000, 0x04860000)
 tenured generation   total 21168K, used 14705K [0x09350000, 0x0a7fc000, 0x13e00000)
   the space 21168K,  69% used [0x09350000, 0x0a1ac520, 0x0a1ac600, 0x0a7fc000)
 Metaspace       used 16989K, capacity 17514K, committed 17664K, reserved 21888K
Event: 121.926 GC heap after
Heap after GC invocations=74 (full 7):
 def new generation   total 9600K, used 696K [0x03e00000, 0x04860000, 0x09350000)
  eden space 8576K,   0% used [0x03e00000, 0x03e00000, 0x04660000)
  from space 1024K,  67% used [0x04760000, 0x0480e038, 0x04860000)
  to   space 1024K,   0% used [0x04660000, 0x04660000, 0x04760000)
 tenured generation   total 21168K, used 15084K [0x09350000, 0x0a7fc000, 0x13e00000)
   the space 21168K,  71% used [0x09350000, 0x0a20b2d0, 0x0a20b400, 0x0a7fc000)
 Metaspace       used 16989K, capacity 17514K, committed 17664K, reserved 21888K
}
Event: 122.642 GC heap before
{Heap before GC invocations=74 (full 7):
 def new generation   total 9600K, used 9272K [0x03e00000, 0x04860000, 0x09350000)
  eden space 8576K, 100% used [0x03e00000, 0x04660000, 0x04660000)
  from space 1024K,  67% used [0x04760000, 0x0480e038, 0x04860000)
  to   space 1024K,   0% used [0x04660000, 0x04660000, 0x04760000)
 tenured generation   total 21168K, used 15084K [0x09350000, 0x0a7fc000, 0x13e00000)
   the space 21168K,  71% used [0x09350000, 0x0a20b2d0, 0x0a20b400, 0x0a7fc000)
 Metaspace       used 17034K, capacity 17566K, committed 17792K, reserved 22912K
Event: 122.650 GC heap after
Heap after GC invocations=75 (full 7):
 def new generation   total 9600K, used 270K [0x03e00000, 0x04860000, 0x09350000)
  eden space 8576K,   0% used [0x03e00000, 0x03e00000, 0x04660000)
  from space 1024K,  26% used [0x04660000, 0x046a3b30, 0x04760000)
  to   space 1024K,   0% used [0x04760000, 0x04760000, 0x04860000)
 tenured generation   total 21168K, used 15688K [0x09350000, 0x0a7fc000, 0x13e00000)
   the space 21168K,  74% used [0x09350000, 0x0a2a2080, 0x0a2a2200, 0x0a7fc000)
 Metaspace       used 17034K, capacity 17566K, committed 17792K, reserved 22912K
}
Event: 123.041 GC heap before
{Heap before GC invocations=75 (full 7):
 def new generation   total 9600K, used 8846K [0x03e00000, 0x04860000, 0x09350000)
  eden space 8576K, 100% used [0x03e00000, 0x04660000, 0x04660000)
  from space 1024K,  26% used [0x04660000, 0x046a3b30, 0x04760000)
  to   space 1024K,   0% used [0x04760000, 0x04760000, 0x04860000)
 tenured generation   total 21168K, used 15688K [0x09350000, 0x0a7fc000, 0x13e00000)
   the space 21168K,  74% used [0x09350000, 0x0a2a2080, 0x0a2a2200, 0x0a7fc000)
 Metaspace       used 17034K, capacity 17566K, committed 17792K, reserved 22912K
Event: 123.049 GC heap after
Heap after GC invocations=76 (full 7):
 def new generation   total 9600K, used 950K [0x03e00000, 0x04860000, 0x09350000)
  eden space 8576K,   0% used [0x03e00000, 0x03e00000, 0x04660000)
  from space 1024K,  92% used [0x04760000, 0x0484db68, 0x04860000)
  to   space 1024K,   0% used [0x04660000, 0x04660000, 0x04760000)
 tenured generation   total 21168K, used 15688K [0x09350000, 0x0a7fc000, 0x13e00000)
   the space 21168K,  74% used [0x09350000, 0x0a2a2080, 0x0a2a2200, 0x0a7fc000)
 Metaspace       used 17034K, capacity 17566K, committed 17792K, reserved 22912K
}
Event: 123.262 GC heap before
{Heap before GC invocations=76 (full 7):
 def new generation   total 9600K, used 9526K [0x03e00000, 0x04860000, 0x09350000)
  eden space 8576K, 100% used [0x03e00000, 0x04660000, 0x04660000)
  from space 1024K,  92% used [0x04760000, 0x0484db68, 0x04860000)
  to   space 1024K,   0% used [0x04660000, 0x04660000, 0x04760000)
 tenured generation   total 21168K, used 15688K [0x09350000, 0x0a7fc000, 0x13e00000)
   the space 21168K,  74% used [0x09350000, 0x0a2a2080, 0x0a2a2200, 0x0a7fc000)
 Metaspace       used 17044K, capacity 17578K, committed 17792K, reserved 22912K
Event: 123.272 GC heap after
Heap after GC invocations=77 (full 7):
 def new generation   total 9600K, used 522K [0x03e00000, 0x04860000, 0x09350000)
  eden space 8576K,   0% used [0x03e00000, 0x03e00000, 0x04660000)
  from space 1024K,  51% used [0x04660000, 0x046e2bf8, 0x04760000)
  to   space 1024K,   0% used [0x04760000, 0x04760000, 0x04860000)
 tenured generation   total 21168K, used 16280K [0x09350000, 0x0a7fc000, 0x13e00000)
   the space 21168K,  76% used [0x09350000, 0x0a3362a8, 0x0a336400, 0x0a7fc000)
 Metaspace       used 17044K, capacity 17578K, committed 17792K, reserved 22912K
}
Event: 123.905 GC heap before
{Heap before GC invocations=77 (full 7):
 def new generation   total 9600K, used 9098K [0x03e00000, 0x04860000, 0x09350000)
  eden space 8576K, 100% used [0x03e00000, 0x04660000, 0x04660000)
  from space 1024K,  51% used [0x04660000, 0x046e2bf8, 0x04760000)
  to   space 1024K,   0% used [0x04760000, 0x04760000, 0x04860000)
 tenured generation   total 21168K, used 16280K [0x09350000, 0x0a7fc000, 0x13e00000)
   the space 21168K,  76% used [0x09350000, 0x0a3362a8, 0x0a336400, 0x0a7fc000)
 Metaspace       used 17103K, capacity 17623K, committed 17792K, reserved 22912K
Event: 123.913 GC heap after
Heap after GC invocations=78 (full 7):
 def new generation   total 9600K, used 373K [0x03e00000, 0x04860000, 0x09350000)
  eden space 8576K,   0% used [0x03e00000, 0x03e00000, 0x04660000)
  from space 1024K,  36% used [0x04760000, 0x047bd7c0, 0x04860000)
  to   space 1024K,   0% used [0x04660000, 0x04660000, 0x04760000)
 tenured generation   total 21168K, used 16616K [0x09350000, 0x0a7fc000, 0x13e00000)
   the space 21168K,  78% used [0x09350000, 0x0a38a150, 0x0a38a200, 0x0a7fc000)
 Metaspace       used 17103K, capacity 17623K, committed 17792K, reserved 22912K
}

